<?xml version="1.0" encoding="UTF-8"?>
<!-- Generated by org.testng.reporters.JUnitReportReporter -->
<testsuite skipped="0" hostname="LAPTOP-MBJNO64N" name="BatchTesting.PaymentTest" tests="2" failures="0" timestamp="2021-05-03T14:02:49 IST" time="0.003" errors="0">
  <testcase name="paymentInDollar" time="0.001" classname="BatchTesting.PaymentTest"/>
  <system-out/>
  <testcase name="paymentInRupees" time="0.002" classname="BatchTesting.PaymentTest"/>
  <system-out/>
</testsuite> <!-- BatchTesting.PaymentTest -->
