<?xml version="1.0" encoding="UTF-8"?>
<!-- Generated by org.testng.reporters.JUnitReportReporter -->
<testsuite skipped="0" hostname="LAPTOP-MBJNO64N" name="BatchTesting.SignupTest" tests="3" failures="0" timestamp="2021-05-03T14:02:49 IST" time="0.004" errors="0">
  <testcase name="signupbyemail" time="0.001" classname="BatchTesting.SignupTest"/>
  <system-out/>
  <testcase name="signupbyfacebook" time="0.002" classname="BatchTesting.SignupTest"/>
  <system-out/>
  <testcase name="signupbytwitter" time="0.001" classname="BatchTesting.SignupTest"/>
  <system-out/>
</testsuite> <!-- BatchTesting.SignupTest -->
