<?xml version="1.0" encoding="UTF-8"?>
<!-- Generated by org.testng.reporters.JUnitReportReporter -->
<testsuite skipped="0" hostname="LAPTOP-MBJNO64N" name="BatchTesting.LoginTest" tests="3" failures="0" timestamp="2021-05-03T14:02:49 IST" time="0.019" errors="0">
  <testcase name="loginByFacebook" time="0.003" classname="BatchTesting.LoginTest"/>
  <system-out/>
  <testcase name="loginByTwitter" time="0.004" classname="BatchTesting.LoginTest"/>
  <system-out/>
  <testcase name="loginByEmail" time="0.012" classname="BatchTesting.LoginTest"/>
  <system-out/>
</testsuite> <!-- BatchTesting.LoginTest -->
